[0.382s] DEBUG:colcon:Command line arguments: ['/usr/bin/colcon', 'build', '--packages-select', 'overlord100_controller']
[0.382s] DEBUG:colcon:Parsed command line arguments: Namespace(log_base=None, log_level=None, verb_name='build', build_base='build', install_base='install', merge_install=False, symlink_install=False, test_result_base=None, continue_on_error=False, executor='parallel', parallel_workers=8, event_handlers=None, ignore_user_meta=False, metas=['./colcon.meta'], base_paths=['.'], packages_ignore=None, packages_ignore_regex=None, paths=None, packages_up_to=None, packages_up_to_regex=None, packages_above=None, packages_above_and_dependencies=None, packages_above_depth=None, packages_select_by_dep=None, packages_skip_by_dep=None, packages_skip_up_to=None, packages_select_build_failed=False, packages_skip_build_finished=False, packages_select_test_failures=False, packages_skip_test_passed=False, packages_select=['overlord100_controller'], packages_skip=None, packages_select_regex=None, packages_skip_regex=None, packages_start=None, packages_end=None, allow_overriding=[], cmake_args=None, cmake_target=None, cmake_target_skip_unavailable=False, cmake_clean_cache=False, cmake_clean_first=False, cmake_force_configure=False, ament_cmake_args=None, catkin_cmake_args=None, catkin_skip_building_tests=False, mixin_files=None, mixin=None, verb_parser=<colcon_mixin.mixin.mixin_argument.MixinArgumentDecorator object at 0x7065ca947ee0>, verb_extension=<colcon_core.verb.build.BuildVerb object at 0x7065ca9479a0>, main=<bound method BuildVerb.main of <colcon_core.verb.build.BuildVerb object at 0x7065ca9479a0>>, mixin_verb=('build',))
[0.853s] Level 1:colcon.colcon_core.package_discovery:discover_packages(colcon_meta) check parameters
[0.854s] Level 1:colcon.colcon_core.package_discovery:discover_packages(recursive) check parameters
[0.854s] Level 1:colcon.colcon_core.package_discovery:discover_packages(ignore) check parameters
[0.854s] Level 1:colcon.colcon_core.package_discovery:discover_packages(path) check parameters
[0.854s] Level 1:colcon.colcon_core.package_discovery:discover_packages(colcon_meta) discover
[0.854s] Level 1:colcon.colcon_core.package_discovery:discover_packages(recursive) discover
[0.854s] INFO:colcon.colcon_core.package_discovery:Crawling recursively for packages in '/home/ekaterina/Workspace/overlord/SoftOverlord100'
[0.854s] Level 1:colcon.colcon_core.package_identification:_identify(.) by extensions ['ignore', 'ignore_ament_install']
[0.855s] Level 1:colcon.colcon_core.package_identification:_identify(.) by extension 'ignore'
[0.855s] Level 1:colcon.colcon_core.package_identification:_identify(.) by extension 'ignore_ament_install'
[0.855s] Level 1:colcon.colcon_core.package_identification:_identify(.) by extensions ['colcon_pkg']
[0.855s] Level 1:colcon.colcon_core.package_identification:_identify(.) by extension 'colcon_pkg'
[0.855s] Level 1:colcon.colcon_core.package_identification:_identify(.) by extensions ['colcon_meta']
[0.855s] Level 1:colcon.colcon_core.package_identification:_identify(.) by extension 'colcon_meta'
[0.855s] Level 1:colcon.colcon_core.package_identification:_identify(.) by extensions ['ros']
[0.855s] Level 1:colcon.colcon_core.package_identification:_identify(.) by extension 'ros'
[0.880s] Level 1:colcon.colcon_core.package_identification:_identify(.) by extensions ['cmake', 'python']
[0.880s] Level 1:colcon.colcon_core.package_identification:_identify(.) by extension 'cmake'
[0.880s] Level 1:colcon.colcon_core.package_identification:_identify(.) by extension 'python'
[0.880s] Level 1:colcon.colcon_core.package_identification:_identify(.) by extensions ['python_setup_py']
[0.880s] Level 1:colcon.colcon_core.package_identification:_identify(.) by extension 'python_setup_py'
[0.881s] Level 1:colcon.colcon_core.package_identification:_identify(Overlord100-PathPlanner) by extensions ['ignore', 'ignore_ament_install']
[0.881s] Level 1:colcon.colcon_core.package_identification:_identify(Overlord100-PathPlanner) by extension 'ignore'
[0.881s] Level 1:colcon.colcon_core.package_identification:_identify(Overlord100-PathPlanner) by extension 'ignore_ament_install'
[0.881s] Level 1:colcon.colcon_core.package_identification:_identify(Overlord100-PathPlanner) by extensions ['colcon_pkg']
[0.881s] Level 1:colcon.colcon_core.package_identification:_identify(Overlord100-PathPlanner) by extension 'colcon_pkg'
[0.881s] Level 1:colcon.colcon_core.package_identification:_identify(Overlord100-PathPlanner) by extensions ['colcon_meta']
[0.881s] Level 1:colcon.colcon_core.package_identification:_identify(Overlord100-PathPlanner) by extension 'colcon_meta'
[0.881s] Level 1:colcon.colcon_core.package_identification:_identify(Overlord100-PathPlanner) by extensions ['ros']
[0.881s] Level 1:colcon.colcon_core.package_identification:_identify(Overlord100-PathPlanner) by extension 'ros'
[0.882s] Level 1:colcon.colcon_core.package_identification:_identify(Overlord100-PathPlanner) by extensions ['cmake', 'python']
[0.882s] Level 1:colcon.colcon_core.package_identification:_identify(Overlord100-PathPlanner) by extension 'cmake'
[0.882s] Level 1:colcon.colcon_core.package_identification:_identify(Overlord100-PathPlanner) by extension 'python'
[0.882s] Level 1:colcon.colcon_core.package_identification:_identify(Overlord100-PathPlanner) by extensions ['python_setup_py']
[0.882s] Level 1:colcon.colcon_core.package_identification:_identify(Overlord100-PathPlanner) by extension 'python_setup_py'
[0.882s] Level 1:colcon.colcon_core.package_identification:_identify(Overlord100-PathPlanner/build) by extensions ['ignore', 'ignore_ament_install']
[0.882s] Level 1:colcon.colcon_core.package_identification:_identify(Overlord100-PathPlanner/build) by extension 'ignore'
[0.882s] Level 1:colcon.colcon_core.package_identification:_identify(Overlord100-PathPlanner/build) ignored
[0.882s] Level 1:colcon.colcon_core.package_identification:_identify(Overlord100-PathPlanner/install) by extensions ['ignore', 'ignore_ament_install']
[0.883s] Level 1:colcon.colcon_core.package_identification:_identify(Overlord100-PathPlanner/install) by extension 'ignore'
[0.883s] Level 1:colcon.colcon_core.package_identification:_identify(Overlord100-PathPlanner/install) ignored
[0.883s] Level 1:colcon.colcon_core.package_identification:_identify(Overlord100-PathPlanner/log) by extensions ['ignore', 'ignore_ament_install']
[0.883s] Level 1:colcon.colcon_core.package_identification:_identify(Overlord100-PathPlanner/log) by extension 'ignore'
[0.883s] Level 1:colcon.colcon_core.package_identification:_identify(Overlord100-PathPlanner/log) ignored
[0.883s] Level 1:colcon.colcon_core.package_identification:_identify(Overlord100-PathPlanner/src) by extensions ['ignore', 'ignore_ament_install']
[0.883s] Level 1:colcon.colcon_core.package_identification:_identify(Overlord100-PathPlanner/src) by extension 'ignore'
[0.883s] Level 1:colcon.colcon_core.package_identification:_identify(Overlord100-PathPlanner/src) by extension 'ignore_ament_install'
[0.884s] Level 1:colcon.colcon_core.package_identification:_identify(Overlord100-PathPlanner/src) by extensions ['colcon_pkg']
[0.884s] Level 1:colcon.colcon_core.package_identification:_identify(Overlord100-PathPlanner/src) by extension 'colcon_pkg'
[0.884s] Level 1:colcon.colcon_core.package_identification:_identify(Overlord100-PathPlanner/src) by extensions ['colcon_meta']
[0.884s] Level 1:colcon.colcon_core.package_identification:_identify(Overlord100-PathPlanner/src) by extension 'colcon_meta'
[0.884s] Level 1:colcon.colcon_core.package_identification:_identify(Overlord100-PathPlanner/src) by extensions ['ros']
[0.884s] Level 1:colcon.colcon_core.package_identification:_identify(Overlord100-PathPlanner/src) by extension 'ros'
[0.884s] Level 1:colcon.colcon_core.package_identification:_identify(Overlord100-PathPlanner/src) by extensions ['cmake', 'python']
[0.884s] Level 1:colcon.colcon_core.package_identification:_identify(Overlord100-PathPlanner/src) by extension 'cmake'
[0.884s] Level 1:colcon.colcon_core.package_identification:_identify(Overlord100-PathPlanner/src) by extension 'python'
[0.884s] Level 1:colcon.colcon_core.package_identification:_identify(Overlord100-PathPlanner/src) by extensions ['python_setup_py']
[0.884s] Level 1:colcon.colcon_core.package_identification:_identify(Overlord100-PathPlanner/src) by extension 'python_setup_py'
[0.885s] Level 1:colcon.colcon_core.package_identification:_identify(Overlord100-PathPlanner/src/path_planner) by extensions ['ignore', 'ignore_ament_install']
[0.885s] Level 1:colcon.colcon_core.package_identification:_identify(Overlord100-PathPlanner/src/path_planner) by extension 'ignore'
[0.885s] Level 1:colcon.colcon_core.package_identification:_identify(Overlord100-PathPlanner/src/path_planner) by extension 'ignore_ament_install'
[0.885s] Level 1:colcon.colcon_core.package_identification:_identify(Overlord100-PathPlanner/src/path_planner) by extensions ['colcon_pkg']
[0.885s] Level 1:colcon.colcon_core.package_identification:_identify(Overlord100-PathPlanner/src/path_planner) by extension 'colcon_pkg'
[0.885s] Level 1:colcon.colcon_core.package_identification:_identify(Overlord100-PathPlanner/src/path_planner) by extensions ['colcon_meta']
[0.885s] Level 1:colcon.colcon_core.package_identification:_identify(Overlord100-PathPlanner/src/path_planner) by extension 'colcon_meta'
[0.885s] Level 1:colcon.colcon_core.package_identification:_identify(Overlord100-PathPlanner/src/path_planner) by extensions ['ros']
[0.885s] Level 1:colcon.colcon_core.package_identification:_identify(Overlord100-PathPlanner/src/path_planner) by extension 'ros'
[0.892s] DEBUG:colcon.colcon_core.package_identification:Package 'Overlord100-PathPlanner/src/path_planner' with type 'ros.ament_python' and name 'path_planner'
[0.892s] Level 1:colcon.colcon_core.package_identification:_identify(Overlord100-controller) by extensions ['ignore', 'ignore_ament_install']
[0.892s] Level 1:colcon.colcon_core.package_identification:_identify(Overlord100-controller) by extension 'ignore'
[0.892s] Level 1:colcon.colcon_core.package_identification:_identify(Overlord100-controller) by extension 'ignore_ament_install'
[0.893s] Level 1:colcon.colcon_core.package_identification:_identify(Overlord100-controller) by extensions ['colcon_pkg']
[0.893s] Level 1:colcon.colcon_core.package_identification:_identify(Overlord100-controller) by extension 'colcon_pkg'
[0.893s] Level 1:colcon.colcon_core.package_identification:_identify(Overlord100-controller) by extensions ['colcon_meta']
[0.893s] Level 1:colcon.colcon_core.package_identification:_identify(Overlord100-controller) by extension 'colcon_meta'
[0.893s] Level 1:colcon.colcon_core.package_identification:_identify(Overlord100-controller) by extensions ['ros']
[0.893s] Level 1:colcon.colcon_core.package_identification:_identify(Overlord100-controller) by extension 'ros'
[0.893s] Level 1:colcon.colcon_core.package_identification:_identify(Overlord100-controller) by extensions ['cmake', 'python']
[0.893s] Level 1:colcon.colcon_core.package_identification:_identify(Overlord100-controller) by extension 'cmake'
[0.893s] Level 1:colcon.colcon_core.package_identification:_identify(Overlord100-controller) by extension 'python'
[0.893s] Level 1:colcon.colcon_core.package_identification:_identify(Overlord100-controller) by extensions ['python_setup_py']
[0.893s] Level 1:colcon.colcon_core.package_identification:_identify(Overlord100-controller) by extension 'python_setup_py'
[0.894s] Level 1:colcon.colcon_core.package_identification:_identify(Overlord100-controller/build) by extensions ['ignore', 'ignore_ament_install']
[0.894s] Level 1:colcon.colcon_core.package_identification:_identify(Overlord100-controller/build) by extension 'ignore'
[0.894s] Level 1:colcon.colcon_core.package_identification:_identify(Overlord100-controller/build) ignored
[0.894s] Level 1:colcon.colcon_core.package_identification:_identify(Overlord100-controller/install) by extensions ['ignore', 'ignore_ament_install']
[0.894s] Level 1:colcon.colcon_core.package_identification:_identify(Overlord100-controller/install) by extension 'ignore'
[0.894s] Level 1:colcon.colcon_core.package_identification:_identify(Overlord100-controller/install) ignored
[0.894s] Level 1:colcon.colcon_core.package_identification:_identify(Overlord100-controller/log) by extensions ['ignore', 'ignore_ament_install']
[0.894s] Level 1:colcon.colcon_core.package_identification:_identify(Overlord100-controller/log) by extension 'ignore'
[0.895s] Level 1:colcon.colcon_core.package_identification:_identify(Overlord100-controller/log) ignored
[0.895s] Level 1:colcon.colcon_core.package_identification:_identify(Overlord100-controller/overlord100_controller) by extensions ['ignore', 'ignore_ament_install']
[0.895s] Level 1:colcon.colcon_core.package_identification:_identify(Overlord100-controller/overlord100_controller) by extension 'ignore'
[0.895s] Level 1:colcon.colcon_core.package_identification:_identify(Overlord100-controller/overlord100_controller) by extension 'ignore_ament_install'
[0.895s] Level 1:colcon.colcon_core.package_identification:_identify(Overlord100-controller/overlord100_controller) by extensions ['colcon_pkg']
[0.895s] Level 1:colcon.colcon_core.package_identification:_identify(Overlord100-controller/overlord100_controller) by extension 'colcon_pkg'
[0.895s] Level 1:colcon.colcon_core.package_identification:_identify(Overlord100-controller/overlord100_controller) by extensions ['colcon_meta']
[0.895s] Level 1:colcon.colcon_core.package_identification:_identify(Overlord100-controller/overlord100_controller) by extension 'colcon_meta'
[0.895s] Level 1:colcon.colcon_core.package_identification:_identify(Overlord100-controller/overlord100_controller) by extensions ['ros']
[0.895s] Level 1:colcon.colcon_core.package_identification:_identify(Overlord100-controller/overlord100_controller) by extension 'ros'
[0.897s] DEBUG:colcon.colcon_core.package_identification:Package 'Overlord100-controller/overlord100_controller' with type 'ros.ament_cmake' and name 'overlord100_controller'
[0.898s] Level 1:colcon.colcon_core.package_identification:_identify(Overlord100-controller/overlord100_msgs) by extensions ['ignore', 'ignore_ament_install']
[0.898s] Level 1:colcon.colcon_core.package_identification:_identify(Overlord100-controller/overlord100_msgs) by extension 'ignore'
[0.898s] Level 1:colcon.colcon_core.package_identification:_identify(Overlord100-controller/overlord100_msgs) by extension 'ignore_ament_install'
[0.898s] Level 1:colcon.colcon_core.package_identification:_identify(Overlord100-controller/overlord100_msgs) by extensions ['colcon_pkg']
[0.898s] Level 1:colcon.colcon_core.package_identification:_identify(Overlord100-controller/overlord100_msgs) by extension 'colcon_pkg'
[0.898s] Level 1:colcon.colcon_core.package_identification:_identify(Overlord100-controller/overlord100_msgs) by extensions ['colcon_meta']
[0.898s] Level 1:colcon.colcon_core.package_identification:_identify(Overlord100-controller/overlord100_msgs) by extension 'colcon_meta'
[0.898s] Level 1:colcon.colcon_core.package_identification:_identify(Overlord100-controller/overlord100_msgs) by extensions ['ros']
[0.899s] Level 1:colcon.colcon_core.package_identification:_identify(Overlord100-controller/overlord100_msgs) by extension 'ros'
[0.900s] DEBUG:colcon.colcon_core.package_identification:Package 'Overlord100-controller/overlord100_msgs' with type 'ros.ament_cmake' and name 'overlord100_msgs'
[0.900s] Level 1:colcon.colcon_core.package_identification:_identify(Overlord100-database) by extensions ['ignore', 'ignore_ament_install']
[0.901s] Level 1:colcon.colcon_core.package_identification:_identify(Overlord100-database) by extension 'ignore'
[0.901s] Level 1:colcon.colcon_core.package_identification:_identify(Overlord100-database) by extension 'ignore_ament_install'
[0.901s] Level 1:colcon.colcon_core.package_identification:_identify(Overlord100-database) by extensions ['colcon_pkg']
[0.901s] Level 1:colcon.colcon_core.package_identification:_identify(Overlord100-database) by extension 'colcon_pkg'
[0.901s] Level 1:colcon.colcon_core.package_identification:_identify(Overlord100-database) by extensions ['colcon_meta']
[0.901s] Level 1:colcon.colcon_core.package_identification:_identify(Overlord100-database) by extension 'colcon_meta'
[0.901s] Level 1:colcon.colcon_core.package_identification:_identify(Overlord100-database) by extensions ['ros']
[0.901s] Level 1:colcon.colcon_core.package_identification:_identify(Overlord100-database) by extension 'ros'
[0.901s] Level 1:colcon.colcon_core.package_identification:_identify(Overlord100-database) by extensions ['cmake', 'python']
[0.901s] Level 1:colcon.colcon_core.package_identification:_identify(Overlord100-database) by extension 'cmake'
[0.901s] Level 1:colcon.colcon_core.package_identification:_identify(Overlord100-database) by extension 'python'
[0.901s] Level 1:colcon.colcon_core.package_identification:_identify(Overlord100-database) by extensions ['python_setup_py']
[0.902s] Level 1:colcon.colcon_core.package_identification:_identify(Overlord100-database) by extension 'python_setup_py'
[0.902s] Level 1:colcon.colcon_core.package_identification:_identify(Overlord100-slam) by extensions ['ignore', 'ignore_ament_install']
[0.902s] Level 1:colcon.colcon_core.package_identification:_identify(Overlord100-slam) by extension 'ignore'
[0.902s] Level 1:colcon.colcon_core.package_identification:_identify(Overlord100-slam) by extension 'ignore_ament_install'
[0.902s] Level 1:colcon.colcon_core.package_identification:_identify(Overlord100-slam) by extensions ['colcon_pkg']
[0.902s] Level 1:colcon.colcon_core.package_identification:_identify(Overlord100-slam) by extension 'colcon_pkg'
[0.902s] Level 1:colcon.colcon_core.package_identification:_identify(Overlord100-slam) by extensions ['colcon_meta']
[0.902s] Level 1:colcon.colcon_core.package_identification:_identify(Overlord100-slam) by extension 'colcon_meta'
[0.902s] Level 1:colcon.colcon_core.package_identification:_identify(Overlord100-slam) by extensions ['ros']
[0.902s] Level 1:colcon.colcon_core.package_identification:_identify(Overlord100-slam) by extension 'ros'
[0.903s] Level 1:colcon.colcon_core.package_identification:_identify(Overlord100-slam) by extensions ['cmake', 'python']
[0.903s] Level 1:colcon.colcon_core.package_identification:_identify(Overlord100-slam) by extension 'cmake'
[0.903s] Level 1:colcon.colcon_core.package_identification:_identify(Overlord100-slam) by extension 'python'
[0.903s] Level 1:colcon.colcon_core.package_identification:_identify(Overlord100-slam) by extensions ['python_setup_py']
[0.903s] Level 1:colcon.colcon_core.package_identification:_identify(Overlord100-slam) by extension 'python_setup_py'
[0.903s] Level 1:colcon.colcon_core.package_identification:_identify(Overlord100-slam/config) by extensions ['ignore', 'ignore_ament_install']
[0.903s] Level 1:colcon.colcon_core.package_identification:_identify(Overlord100-slam/config) by extension 'ignore'
[0.903s] Level 1:colcon.colcon_core.package_identification:_identify(Overlord100-slam/config) by extension 'ignore_ament_install'
[0.903s] Level 1:colcon.colcon_core.package_identification:_identify(Overlord100-slam/config) by extensions ['colcon_pkg']
[0.903s] Level 1:colcon.colcon_core.package_identification:_identify(Overlord100-slam/config) by extension 'colcon_pkg'
[0.903s] Level 1:colcon.colcon_core.package_identification:_identify(Overlord100-slam/config) by extensions ['colcon_meta']
[0.904s] Level 1:colcon.colcon_core.package_identification:_identify(Overlord100-slam/config) by extension 'colcon_meta'
[0.904s] Level 1:colcon.colcon_core.package_identification:_identify(Overlord100-slam/config) by extensions ['ros']
[0.904s] Level 1:colcon.colcon_core.package_identification:_identify(Overlord100-slam/config) by extension 'ros'
[0.904s] Level 1:colcon.colcon_core.package_identification:_identify(Overlord100-slam/config) by extensions ['cmake', 'python']
[0.904s] Level 1:colcon.colcon_core.package_identification:_identify(Overlord100-slam/config) by extension 'cmake'
[0.904s] Level 1:colcon.colcon_core.package_identification:_identify(Overlord100-slam/config) by extension 'python'
[0.904s] Level 1:colcon.colcon_core.package_identification:_identify(Overlord100-slam/config) by extensions ['python_setup_py']
[0.904s] Level 1:colcon.colcon_core.package_identification:_identify(Overlord100-slam/config) by extension 'python_setup_py'
[0.904s] Level 1:colcon.colcon_core.package_identification:_identify(build) by extensions ['ignore', 'ignore_ament_install']
[0.904s] Level 1:colcon.colcon_core.package_identification:_identify(build) by extension 'ignore'
[0.905s] Level 1:colcon.colcon_core.package_identification:_identify(build) ignored
[0.905s] Level 1:colcon.colcon_core.package_identification:_identify(install) by extensions ['ignore', 'ignore_ament_install']
[0.905s] Level 1:colcon.colcon_core.package_identification:_identify(install) by extension 'ignore'
[0.905s] Level 1:colcon.colcon_core.package_identification:_identify(install) ignored
[0.905s] Level 1:colcon.colcon_core.package_identification:_identify(log) by extensions ['ignore', 'ignore_ament_install']
[0.905s] Level 1:colcon.colcon_core.package_identification:_identify(log) by extension 'ignore'
[0.905s] Level 1:colcon.colcon_core.package_identification:_identify(log) ignored
[0.905s] Level 1:colcon.colcon_core.package_identification:_identify(software_overlord100) by extensions ['ignore', 'ignore_ament_install']
[0.906s] Level 1:colcon.colcon_core.package_identification:_identify(software_overlord100) by extension 'ignore'
[0.906s] Level 1:colcon.colcon_core.package_identification:_identify(software_overlord100) by extension 'ignore_ament_install'
[0.906s] Level 1:colcon.colcon_core.package_identification:_identify(software_overlord100) by extensions ['colcon_pkg']
[0.906s] Level 1:colcon.colcon_core.package_identification:_identify(software_overlord100) by extension 'colcon_pkg'
[0.906s] Level 1:colcon.colcon_core.package_identification:_identify(software_overlord100) by extensions ['colcon_meta']
[0.906s] Level 1:colcon.colcon_core.package_identification:_identify(software_overlord100) by extension 'colcon_meta'
[0.906s] Level 1:colcon.colcon_core.package_identification:_identify(software_overlord100) by extensions ['ros']
[0.906s] Level 1:colcon.colcon_core.package_identification:_identify(software_overlord100) by extension 'ros'
[0.908s] DEBUG:colcon.colcon_core.package_identification:Package 'software_overlord100' with type 'ros.ament_cmake' and name 'software_overlord100'
[0.908s] Level 1:colcon.colcon_core.package_discovery:discover_packages(recursive) using defaults
[0.908s] Level 1:colcon.colcon_core.package_discovery:discover_packages(ignore) discover
[0.908s] Level 1:colcon.colcon_core.package_discovery:discover_packages(ignore) using defaults
[0.908s] Level 1:colcon.colcon_core.package_discovery:discover_packages(path) discover
[0.908s] Level 1:colcon.colcon_core.package_discovery:discover_packages(path) using defaults
[1.005s] INFO:colcon.colcon_core.package_selection:Skipping not selected package 'overlord100_msgs' in 'Overlord100-controller/overlord100_msgs'
[1.005s] INFO:colcon.colcon_core.package_selection:Skipping not selected package 'path_planner' in 'Overlord100-PathPlanner/src/path_planner'
[1.005s] INFO:colcon.colcon_core.package_selection:Skipping not selected package 'software_overlord100' in 'software_overlord100'
[1.007s] Level 1:colcon.colcon_core.package_discovery:discover_packages(prefix_path) check parameters
[1.007s] Level 1:colcon.colcon_core.package_discovery:discover_packages(prefix_path) discover
[1.015s] DEBUG:colcon.colcon_installed_package_information.package_discovery:Found 1 installed packages in /home/ekaterina/tutorials_ws/install
[1.020s] DEBUG:colcon.colcon_installed_package_information.package_discovery:Found 408 installed packages in /opt/ros/humble
[1.024s] Level 1:colcon.colcon_core.package_discovery:discover_packages(prefix_path) using defaults
[1.138s] Level 5:colcon.colcon_core.verb:set package 'overlord100_controller' build argument 'cmake_args' from command line to 'None'
[1.138s] Level 5:colcon.colcon_core.verb:set package 'overlord100_controller' build argument 'cmake_target' from command line to 'None'
[1.138s] Level 5:colcon.colcon_core.verb:set package 'overlord100_controller' build argument 'cmake_target_skip_unavailable' from command line to 'False'
[1.138s] Level 5:colcon.colcon_core.verb:set package 'overlord100_controller' build argument 'cmake_clean_cache' from command line to 'False'
[1.138s] Level 5:colcon.colcon_core.verb:set package 'overlord100_controller' build argument 'cmake_clean_first' from command line to 'False'
[1.138s] Level 5:colcon.colcon_core.verb:set package 'overlord100_controller' build argument 'cmake_force_configure' from command line to 'False'
[1.138s] Level 5:colcon.colcon_core.verb:set package 'overlord100_controller' build argument 'ament_cmake_args' from command line to 'None'
[1.138s] Level 5:colcon.colcon_core.verb:set package 'overlord100_controller' build argument 'catkin_cmake_args' from command line to 'None'
[1.138s] Level 5:colcon.colcon_core.verb:set package 'overlord100_controller' build argument 'catkin_skip_building_tests' from command line to 'False'
[1.138s] DEBUG:colcon.colcon_core.verb:Building package 'overlord100_controller' with the following arguments: {'ament_cmake_args': None, 'build_base': '/home/ekaterina/Workspace/overlord/SoftOverlord100/build/overlord100_controller', 'catkin_cmake_args': None, 'catkin_skip_building_tests': False, 'cmake_args': None, 'cmake_clean_cache': False, 'cmake_clean_first': False, 'cmake_force_configure': False, 'cmake_target': None, 'cmake_target_skip_unavailable': False, 'install_base': '/home/ekaterina/Workspace/overlord/SoftOverlord100/install/overlord100_controller', 'merge_install': False, 'path': '/home/ekaterina/Workspace/overlord/SoftOverlord100/Overlord100-controller/overlord100_controller', 'symlink_install': False, 'test_result_base': None}
[1.139s] INFO:colcon.colcon_core.executor:Executing jobs using 'parallel' executor
[1.142s] DEBUG:colcon.colcon_parallel_executor.executor.parallel:run_until_complete
[1.142s] INFO:colcon.colcon_ros.task.ament_cmake.build:Building ROS package in '/home/ekaterina/Workspace/overlord/SoftOverlord100/Overlord100-controller/overlord100_controller' with build type 'ament_cmake'
[1.143s] INFO:colcon.colcon_cmake.task.cmake.build:Building CMake package in '/home/ekaterina/Workspace/overlord/SoftOverlord100/Overlord100-controller/overlord100_controller'
[1.155s] INFO:colcon.colcon_core.plugin_system:Skipping extension 'colcon_core.shell.bat': Not used on non-Windows systems
[1.156s] INFO:colcon.colcon_core.shell:Skip shell extension 'powershell' for command environment: Not usable outside of PowerShell
[1.156s] DEBUG:colcon.colcon_core.shell:Skip shell extension 'dsv' for command environment
[1.162s] ERROR:colcon.colcon_cmake.task.cmake.build:Failed to find the following files:
- /home/ekaterina/Workspace/overlord/SoftOverlord100/install/overlord100_msgs/share/overlord100_msgs/package.sh
Check that the following packages have been built:
- overlord100_msgs
[1.163s] Level 1:colcon.colcon_core.environment:create_environment_scripts_only(overlord100_controller)
[1.174s] Level 1:colcon.colcon_core.environment:checking '/home/ekaterina/Workspace/overlord/SoftOverlord100/install/overlord100_controller' for CMake module files
[1.175s] Level 1:colcon.colcon_core.environment:checking '/home/ekaterina/Workspace/overlord/SoftOverlord100/install/overlord100_controller' for CMake config files
[1.176s] Level 1:colcon.colcon_core.environment:checking '/home/ekaterina/Workspace/overlord/SoftOverlord100/install/overlord100_controller/bin'
[1.176s] Level 1:colcon.colcon_core.environment:checking '/home/ekaterina/Workspace/overlord/SoftOverlord100/install/overlord100_controller/lib/pkgconfig/overlord100_controller.pc'
[1.176s] Level 1:colcon.colcon_core.environment:checking '/home/ekaterina/Workspace/overlord/SoftOverlord100/install/overlord100_controller/lib/python3.10/site-packages'
[1.177s] Level 1:colcon.colcon_core.environment:checking '/home/ekaterina/Workspace/overlord/SoftOverlord100/install/overlord100_controller/bin'
[1.177s] INFO:colcon.colcon_core.shell:Creating package script '/home/ekaterina/Workspace/overlord/SoftOverlord100/install/overlord100_controller/share/overlord100_controller/package.ps1'
[1.179s] INFO:colcon.colcon_core.shell:Creating package descriptor '/home/ekaterina/Workspace/overlord/SoftOverlord100/install/overlord100_controller/share/overlord100_controller/package.dsv'
[1.181s] INFO:colcon.colcon_core.shell:Creating package script '/home/ekaterina/Workspace/overlord/SoftOverlord100/install/overlord100_controller/share/overlord100_controller/package.sh'
[1.183s] INFO:colcon.colcon_core.shell:Creating package script '/home/ekaterina/Workspace/overlord/SoftOverlord100/install/overlord100_controller/share/overlord100_controller/package.bash'
[1.186s] INFO:colcon.colcon_core.shell:Creating package script '/home/ekaterina/Workspace/overlord/SoftOverlord100/install/overlord100_controller/share/overlord100_controller/package.zsh'
[1.188s] Level 1:colcon.colcon_core.environment:create_file_with_runtime_dependencies(/home/ekaterina/Workspace/overlord/SoftOverlord100/install/overlord100_controller/share/colcon-core/packages/overlord100_controller)
[1.200s] DEBUG:colcon.colcon_parallel_executor.executor.parallel:closing loop
[1.200s] DEBUG:colcon.colcon_parallel_executor.executor.parallel:loop closed
[1.200s] DEBUG:colcon.colcon_parallel_executor.executor.parallel:run_until_complete finished with '1'
[1.200s] DEBUG:colcon.colcon_core.event_reactor:joining thread
[1.224s] INFO:colcon.colcon_core.plugin_system:Skipping extension 'colcon_notification.desktop_notification.terminal_notifier': Not used on non-Darwin systems
[1.225s] INFO:colcon.colcon_core.plugin_system:Skipping extension 'colcon_notification.desktop_notification.win32': Not used on non-Windows systems
[1.225s] INFO:colcon.colcon_notification.desktop_notification:Sending desktop notification using 'notify2'
[1.318s] DEBUG:colcon.colcon_core.event_reactor:joined thread
[1.318s] INFO:colcon.colcon_core.shell:Creating prefix script '/home/ekaterina/Workspace/overlord/SoftOverlord100/install/local_setup.ps1'
[1.321s] INFO:colcon.colcon_core.shell:Creating prefix util module '/home/ekaterina/Workspace/overlord/SoftOverlord100/install/_local_setup_util_ps1.py'
[1.324s] INFO:colcon.colcon_core.shell:Creating prefix chain script '/home/ekaterina/Workspace/overlord/SoftOverlord100/install/setup.ps1'
[1.328s] INFO:colcon.colcon_core.shell:Creating prefix script '/home/ekaterina/Workspace/overlord/SoftOverlord100/install/local_setup.sh'
[1.330s] INFO:colcon.colcon_core.shell:Creating prefix util module '/home/ekaterina/Workspace/overlord/SoftOverlord100/install/_local_setup_util_sh.py'
[1.331s] INFO:colcon.colcon_core.shell:Creating prefix chain script '/home/ekaterina/Workspace/overlord/SoftOverlord100/install/setup.sh'
[1.334s] INFO:colcon.colcon_core.shell:Creating prefix script '/home/ekaterina/Workspace/overlord/SoftOverlord100/install/local_setup.bash'
[1.336s] INFO:colcon.colcon_core.shell:Creating prefix chain script '/home/ekaterina/Workspace/overlord/SoftOverlord100/install/setup.bash'
[1.338s] INFO:colcon.colcon_core.shell:Creating prefix script '/home/ekaterina/Workspace/overlord/SoftOverlord100/install/local_setup.zsh'
[1.340s] INFO:colcon.colcon_core.shell:Creating prefix chain script '/home/ekaterina/Workspace/overlord/SoftOverlord100/install/setup.zsh'
